{"/Users/volkmar/node-red-contrib-dyn-pwr-price-opt/src/basenode.ts": {"path":"/Users/volkmar/node-red-contrib-dyn-pwr-price-opt/src/basenode.ts","statementMap":{"0":{"start":{"line":7,"column":13},"end":{"line":7,"column":33}},"1":{"start":{"line":10,"column":0},"end":{"line":10,"column":13}},"2":{"start":{"line":24,"column":12},"end":{"line":24,"column":39}},"3":{"start":{"line":12,"column":10},"end":{"line":12,"column":77}},"4":{"start":{"line":14,"column":12},"end":{"line":14,"column":45}},"5":{"start":{"line":27,"column":4},"end":{"line":27,"column":19}},"6":{"start":{"line":28,"column":4},"end":{"line":28,"column":39}},"7":{"start":{"line":29,"column":4},"end":{"line":29,"column":55}},"8":{"start":{"line":29,"column":34},"end":{"line":29,"column":55}},"9":{"start":{"line":30,"column":4},"end":{"line":35,"column":5}},"10":{"start":{"line":31,"column":6},"end":{"line":31,"column":58}},"11":{"start":{"line":34,"column":6},"end":{"line":34,"column":null}},"12":{"start":{"line":36,"column":4},"end":{"line":36,"column":46}},"13":{"start":{"line":37,"column":4},"end":{"line":37,"column":46}},"14":{"start":{"line":38,"column":4},"end":{"line":38,"column":75}},"15":{"start":{"line":40,"column":12},"end":{"line":42,"column":null}},"16":{"start":{"line":41,"column":4},"end":{"line":41,"column":53}},"17":{"start":{"line":44,"column":10},"end":{"line":58,"column":null}},"18":{"start":{"line":44,"column":2},"end":{"line":44,"column":10}},"19":{"start":{"line":49,"column":4},"end":{"line":49,"column":64}},"20":{"start":{"line":49,"column":57},"end":{"line":49,"column":64}},"21":{"start":{"line":50,"column":19},"end":{"line":50,"column":51}},"22":{"start":{"line":51,"column":4},"end":{"line":57,"column":9}},"23":{"start":{"line":52,"column":6},"end":{"line":57,"column":9}},"24":{"start":{"line":54,"column":10},"end":{"line":54,"column":65}},"25":{"start":{"line":55,"column":8},"end":{"line":55,"column":61}},"26":{"start":{"line":56,"column":8},"end":{"line":56,"column":60}},"27":{"start":{"line":59,"column":12},"end":{"line":78,"column":null}},"28":{"start":{"line":60,"column":15},"end":{"line":60,"column":25}},"29":{"start":{"line":61,"column":4},"end":{"line":61,"column":65}},"30":{"start":{"line":61,"column":41},"end":{"line":61,"column":65}},"31":{"start":{"line":62,"column":47},"end":{"line":62,"column":49}},"32":{"start":{"line":63,"column":4},"end":{"line":63,"column":39}},"33":{"start":{"line":64,"column":4},"end":{"line":76,"column":5}},"34":{"start":{"line":65,"column":20},"end":{"line":65,"column":25}},"35":{"start":{"line":66,"column":4},"end":{"line":70,"column":7}},"36":{"start":{"line":67,"column":6},"end":{"line":69,"column":9}},"37":{"start":{"line":68,"column":8},"end":{"line":68,"column":88}},"38":{"start":{"line":68,"column":42},"end":{"line":68,"column":88}},"39":{"start":{"line":71,"column":4},"end":{"line":71,"column":45}},"40":{"start":{"line":71,"column":27},"end":{"line":71,"column":45}},"41":{"start":{"line":74,"column":7},"end":{"line":74,"column":null}},"42":{"start":{"line":75,"column":6},"end":{"line":75,"column":null}},"43":{"start":{"line":80,"column":10},"end":{"line":83,"column":null}},"44":{"start":{"line":81,"column":4},"end":{"line":81,"column":56}},"45":{"start":{"line":82,"column":4},"end":{"line":82,"column":20}},"46":{"start":{"line":86,"column":2},"end":{"line":86,"column":null}},"47":{"start":{"line":87,"column":2},"end":{"line":87,"column":null}},"48":{"start":{"line":88,"column":2},"end":{"line":88,"column":null}},"49":{"start":{"line":90,"column":2},"end":{"line":101,"column":null}},"50":{"start":{"line":91,"column":26},"end":{"line":91,"column":28}},"51":{"start":{"line":92,"column":4},"end":{"line":98,"column":7}},"52":{"start":{"line":93,"column":28},"end":{"line":96,"column":8}},"53":{"start":{"line":97,"column":6},"end":{"line":97,"column":20}},"54":{"start":{"line":100,"column":4},"end":{"line":100,"column":14}},"55":{"start":{"line":102,"column":10},"end":{"line":128,"column":null}},"56":{"start":{"line":103,"column":19},"end":{"line":103,"column":41}},"57":{"start":{"line":104,"column":4},"end":{"line":122,"column":7}},"58":{"start":{"line":105,"column":6},"end":{"line":105,"column":27}},"59":{"start":{"line":107,"column":4},"end":{"line":122,"column":7}},"60":{"start":{"line":108,"column":6},"end":{"line":122,"column":7}},"61":{"start":{"line":110,"column":10},"end":{"line":110,"column":46}},"62":{"start":{"line":111,"column":10},"end":{"line":112,"column":null}},"63":{"start":{"line":112,"column":12},"end":{"line":112,"column":null}},"64":{"start":{"line":113,"column":10},"end":{"line":113,"column":16}},"65":{"start":{"line":115,"column":10},"end":{"line":115,"column":38}},"66":{"start":{"line":116,"column":10},"end":{"line":116,"column":16}},"67":{"start":{"line":118,"column":10},"end":{"line":118,"column":39}},"68":{"start":{"line":119,"column":10},"end":{"line":119,"column":16}},"69":{"start":{"line":125,"column":4},"end":{"line":127,"column":39}},"70":{"start":{"line":126,"column":6},"end":{"line":126,"column":85}},"71":{"start":{"line":127,"column":9},"end":{"line":127,"column":39}},"72":{"start":{"line":129,"column":10},"end":{"line":135,"column":null}},"73":{"start":{"line":130,"column":14},"end":{"line":130,"column":79}},"74":{"start":{"line":130,"column":30},"end":{"line":130,"column":79}},"75":{"start":{"line":131,"column":4},"end":{"line":133,"column":5}},"76":{"start":{"line":132,"column":6},"end":{"line":132,"column":null}},"77":{"start":{"line":134,"column":4},"end":{"line":134,"column":14}},"78":{"start":{"line":136,"column":10},"end":{"line":197,"column":null}},"79":{"start":{"line":137,"column":4},"end":{"line":137,"column":null}},"80":{"start":{"line":138,"column":4},"end":{"line":139,"column":null}},"81":{"start":{"line":139,"column":8},"end":{"line":139,"column":null}},"82":{"start":{"line":140,"column":4},"end":{"line":141,"column":null}},"83":{"start":{"line":141,"column":6},"end":{"line":141,"column":null}},"84":{"start":{"line":142,"column":4},"end":{"line":143,"column":null}},"85":{"start":{"line":143,"column":8},"end":{"line":143,"column":null}},"86":{"start":{"line":145,"column":6},"end":{"line":154,"column":7}},"87":{"start":{"line":146,"column":20},"end":{"line":146,"column":74}},"88":{"start":{"line":146,"column":58},"end":{"line":146,"column":74}},"89":{"start":{"line":147,"column":8},"end":{"line":148,"column":null}},"90":{"start":{"line":148,"column":11},"end":{"line":148,"column":null}},"91":{"start":{"line":148,"column":56},"end":{"line":148,"column":72}},"92":{"start":{"line":149,"column":8},"end":{"line":150,"column":null}},"93":{"start":{"line":150,"column":10},"end":{"line":150,"column":null}},"94":{"start":{"line":150,"column":53},"end":{"line":150,"column":69}},"95":{"start":{"line":151,"column":25},"end":{"line":151,"column":154}},"96":{"start":{"line":152,"column":8},"end":{"line":152,"column":116}},"97":{"start":{"line":144,"column":4},"end":{"line":157,"column":null}},"98":{"start":{"line":144,"column":22},"end":{"line":144,"column":28}},"99":{"start":{"line":144,"column":22},"end":{"line":144,"column":41}},"100":{"start":{"line":144,"column":18},"end":{"line":144,"column":22}},"101":{"start":{"line":144,"column":13},"end":{"line":144,"column":22}},"102":{"start":{"line":159,"column":4},"end":{"line":182,"column":7}},"103":{"start":{"line":160,"column":6},"end":{"line":182,"column":7}},"104":{"start":{"line":160,"column":39},"end":{"line":160,"column":43}},"105":{"start":{"line":160,"column":39},"end":{"line":160,"column":65}},"106":{"start":{"line":160,"column":35},"end":{"line":160,"column":39}},"107":{"start":{"line":161,"column":24},"end":{"line":161,"column":49}},"108":{"start":{"line":162,"column":8},"end":{"line":181,"column":9}},"109":{"start":{"line":163,"column":10},"end":{"line":164,"column":69}},"110":{"start":{"line":164,"column":12},"end":{"line":164,"column":69}},"111":{"start":{"line":166,"column":10},"end":{"line":180,"column":101}},"112":{"start":{"line":167,"column":12},"end":{"line":167,"column":83}},"113":{"start":{"line":169,"column":12},"end":{"line":180,"column":101}},"114":{"start":{"line":170,"column":14},"end":{"line":170,"column":91}},"115":{"start":{"line":172,"column":14},"end":{"line":180,"column":101}},"116":{"start":{"line":173,"column":19},"end":{"line":178,"column":null}},"117":{"start":{"line":180,"column":16},"end":{"line":180,"column":101}},"118":{"start":{"line":184,"column":4},"end":{"line":187,"column":null}},"119":{"start":{"line":185,"column":6},"end":{"line":187,"column":null}},"120":{"start":{"line":185,"column":41},"end":{"line":185,"column":45}},"121":{"start":{"line":185,"column":41},"end":{"line":185,"column":69}},"122":{"start":{"line":185,"column":37},"end":{"line":185,"column":41}},"123":{"start":{"line":186,"column":8},"end":{"line":187,"column":100}},"124":{"start":{"line":187,"column":10},"end":{"line":187,"column":100}},"125":{"start":{"line":188,"column":4},"end":{"line":196,"column":null}},"126":{"start":{"line":189,"column":6},"end":{"line":196,"column":null}},"127":{"start":{"line":189,"column":42},"end":{"line":189,"column":46}},"128":{"start":{"line":189,"column":42},"end":{"line":189,"column":71}},"129":{"start":{"line":189,"column":38},"end":{"line":189,"column":42}},"130":{"start":{"line":190,"column":8},"end":{"line":196,"column":12}},"131":{"start":{"line":191,"column":10},"end":{"line":196,"column":12}},"132":{"start":{"line":198,"column":0},"end":{"line":198,"column":null}},"133":{"start":{"line":10,"column":13},"end":{"line":10,"column":21}}},"fnMap":{"0":{"name":"(anonymous_0)","decl":{"start":{"line":10,"column":0},"end":{"line":10,"column":13}},"loc":{"start":{"line":10,"column":0},"end":{"line":198,"column":null}}},"1":{"name":"BaseNode","decl":{"start":{"line":22,"column":2},"end":{"line":22,"column":null}},"loc":{"start":{"line":25,"column":12},"end":{"line":39,"column":3}}},"2":{"name":"(anonymous_2)","decl":{"start":{"line":40,"column":2},"end":{"line":40,"column":12}},"loc":{"start":{"line":40,"column":73},"end":{"line":42,"column":3}}},"3":{"name":"(anonymous_3)","decl":{"start":{"line":44,"column":2},"end":{"line":44,"column":10}},"loc":{"start":{"line":47,"column":41},"end":{"line":58,"column":3}}},"4":{"name":"(anonymous_4)","decl":{"start":{"line":52,"column":23},"end":{"line":52,"column":24}},"loc":{"start":{"line":52,"column":28},"end":{"line":57,"column":7}}},"5":{"name":"(anonymous_5)","decl":{"start":{"line":59,"column":2},"end":{"line":59,"column":12}},"loc":{"start":{"line":59,"column":36},"end":{"line":78,"column":3}}},"6":{"name":"(anonymous_6)","decl":{"start":{"line":66,"column":32},"end":{"line":66,"column":33}},"loc":{"start":{"line":66,"column":41},"end":{"line":70,"column":5}}},"7":{"name":"(anonymous_7)","decl":{"start":{"line":67,"column":20},"end":{"line":67,"column":21}},"loc":{"start":{"line":67,"column":25},"end":{"line":69,"column":7}}},"8":{"name":"(anonymous_8)","decl":{"start":{"line":80,"column":2},"end":{"line":80,"column":10}},"loc":{"start":{"line":80,"column":35},"end":{"line":83,"column":3}}},"9":{"name":"(anonymous_9)","decl":{"start":{"line":86,"column":2},"end":{"line":86,"column":10}},"loc":{"start":{"line":86,"column":2},"end":{"line":86,"column":15}}},"10":{"name":"(anonymous_10)","decl":{"start":{"line":87,"column":2},"end":{"line":87,"column":8}},"loc":{"start":{"line":87,"column":21},"end":{"line":87,"column":31}}},"11":{"name":"(anonymous_11)","decl":{"start":{"line":88,"column":2},"end":{"line":88,"column":9}},"loc":{"start":{"line":88,"column":2},"end":{"line":88,"column":20}}},"12":{"name":"(anonymous_12)","decl":{"start":{"line":90,"column":2},"end":{"line":90,"column":13}},"loc":{"start":{"line":90,"column":28},"end":{"line":101,"column":3}}},"13":{"name":"(anonymous_13)","decl":{"start":{"line":92,"column":22},"end":{"line":92,"column":23}},"loc":{"start":{"line":92,"column":30},"end":{"line":98,"column":5}}},"14":{"name":"(anonymous_14)","decl":{"start":{"line":102,"column":2},"end":{"line":102,"column":10}},"loc":{"start":{"line":102,"column":85},"end":{"line":128,"column":3}}},"15":{"name":"(anonymous_15)","decl":{"start":{"line":129,"column":2},"end":{"line":129,"column":10}},"loc":{"start":{"line":129,"column":75},"end":{"line":135,"column":3}}},"16":{"name":"(anonymous_16)","decl":{"start":{"line":130,"column":26},"end":{"line":130,"column":28}},"loc":{"start":{"line":130,"column":28},"end":{"line":130,"column":32}}},"17":{"name":"(anonymous_17)","decl":{"start":{"line":136,"column":2},"end":{"line":136,"column":10}},"loc":{"start":{"line":136,"column":63},"end":{"line":197,"column":3}}},"18":{"name":"(anonymous_19)","decl":{"start":{"line":146,"column":55},"end":{"line":146,"column":56}},"loc":{"start":{"line":146,"column":56},"end":{"line":146,"column":59}}},"19":{"name":"(anonymous_20)","decl":{"start":{"line":148,"column":53},"end":{"line":148,"column":54}},"loc":{"start":{"line":148,"column":54},"end":{"line":148,"column":57}}},"20":{"name":"(anonymous_21)","decl":{"start":{"line":150,"column":50},"end":{"line":150,"column":51}},"loc":{"start":{"line":150,"column":51},"end":{"line":150,"column":54}}}},"branchMap":{"0":{"loc":{"start":{"line":29,"column":4},"end":{"line":29,"column":55}},"type":"if","locations":[{"start":{"line":29,"column":4},"end":{"line":29,"column":55}}]},"1":{"loc":{"start":{"line":49,"column":4},"end":{"line":49,"column":64}},"type":"if","locations":[{"start":{"line":49,"column":4},"end":{"line":49,"column":64}}]},"2":{"loc":{"start":{"line":49,"column":8},"end":{"line":49,"column":55}},"type":"binary-expr","locations":[{"start":{"line":49,"column":8},"end":{"line":49,"column":27}},{"start":{"line":49,"column":31},"end":{"line":49,"column":55}}]},"3":{"loc":{"start":{"line":51,"column":4},"end":{"line":57,"column":9}},"type":"if","locations":[{"start":{"line":51,"column":4},"end":{"line":57,"column":9}}]},"4":{"loc":{"start":{"line":54,"column":10},"end":{"line":54,"column":65}},"type":"cond-expr","locations":[{"start":{"line":54,"column":27},"end":{"line":54,"column":31}},{"start":{"line":54,"column":34},"end":{"line":54,"column":65}}]},"5":{"loc":{"start":{"line":61,"column":4},"end":{"line":61,"column":65}},"type":"if","locations":[{"start":{"line":61,"column":4},"end":{"line":61,"column":65}}]},"6":{"loc":{"start":{"line":61,"column":8},"end":{"line":61,"column":39}},"type":"binary-expr","locations":[{"start":{"line":61,"column":8},"end":{"line":61,"column":19}},{"start":{"line":61,"column":23},"end":{"line":61,"column":39}}]},"7":{"loc":{"start":{"line":68,"column":8},"end":{"line":68,"column":88}},"type":"if","locations":[{"start":{"line":68,"column":8},"end":{"line":68,"column":88}}]},"8":{"loc":{"start":{"line":68,"column":52},"end":{"line":68,"column":87}},"type":"binary-expr","locations":[{"start":{"line":68,"column":52},"end":{"line":68,"column":59}},{"start":{"line":68,"column":63},"end":{"line":68,"column":87}}]},"9":{"loc":{"start":{"line":71,"column":4},"end":{"line":71,"column":45}},"type":"if","locations":[{"start":{"line":71,"column":4},"end":{"line":71,"column":45}}]},"10":{"loc":{"start":{"line":104,"column":4},"end":{"line":122,"column":7}},"type":"if","locations":[{"start":{"line":104,"column":4},"end":{"line":122,"column":7}},{"start":{"line":107,"column":4},"end":{"line":122,"column":7}}]},"11":{"loc":{"start":{"line":104,"column":8},"end":{"line":104,"column":56}},"type":"binary-expr","locations":[{"start":{"line":104,"column":8},"end":{"line":104,"column":32}},{"start":{"line":104,"column":36},"end":{"line":104,"column":56}}]},"12":{"loc":{"start":{"line":107,"column":4},"end":{"line":122,"column":7}},"type":"if","locations":[{"start":{"line":107,"column":4},"end":{"line":122,"column":7}}]},"13":{"loc":{"start":{"line":108,"column":6},"end":{"line":122,"column":7}},"type":"switch","locations":[{"start":{"line":109,"column":8},"end":{"line":113,"column":16}},{"start":{"line":114,"column":8},"end":{"line":116,"column":16}},{"start":{"line":117,"column":8},"end":{"line":119,"column":16}},{"start":{"line":121,"column":8},"end":{"line":121,"column":16}}]},"14":{"loc":{"start":{"line":111,"column":10},"end":{"line":112,"column":null}},"type":"if","locations":[{"start":{"line":111,"column":10},"end":{"line":112,"column":null}}]},"15":{"loc":{"start":{"line":111,"column":14},"end":{"line":111,"column":51}},"type":"binary-expr","locations":[{"start":{"line":111,"column":14},"end":{"line":111,"column":28}},{"start":{"line":111,"column":32},"end":{"line":111,"column":51}}]},"16":{"loc":{"start":{"line":125,"column":4},"end":{"line":127,"column":39}},"type":"if","locations":[{"start":{"line":125,"column":4},"end":{"line":127,"column":39}},{"start":{"line":127,"column":9},"end":{"line":127,"column":39}}]},"17":{"loc":{"start":{"line":130,"column":30},"end":{"line":130,"column":77}},"type":"binary-expr","locations":[{"start":{"line":130,"column":30},"end":{"line":130,"column":41}},{"start":{"line":130,"column":45},"end":{"line":130,"column":77}}]},"18":{"loc":{"start":{"line":131,"column":4},"end":{"line":133,"column":5}},"type":"if","locations":[{"start":{"line":131,"column":4},"end":{"line":133,"column":5}}]},"19":{"loc":{"start":{"line":138,"column":4},"end":{"line":139,"column":null}},"type":"if","locations":[{"start":{"line":138,"column":4},"end":{"line":139,"column":null}}]},"20":{"loc":{"start":{"line":140,"column":4},"end":{"line":141,"column":null}},"type":"if","locations":[{"start":{"line":140,"column":4},"end":{"line":141,"column":null}}]},"21":{"loc":{"start":{"line":140,"column":7},"end":{"line":140,"column":70}},"type":"binary-expr","locations":[{"start":{"line":140,"column":7},"end":{"line":140,"column":38}},{"start":{"line":140,"column":42},"end":{"line":140,"column":70}}]},"22":{"loc":{"start":{"line":142,"column":4},"end":{"line":143,"column":null}},"type":"if","locations":[{"start":{"line":142,"column":4},"end":{"line":143,"column":null}}]},"23":{"loc":{"start":{"line":142,"column":7},"end":{"line":142,"column":68}},"type":"binary-expr","locations":[{"start":{"line":142,"column":7},"end":{"line":142,"column":38}},{"start":{"line":142,"column":42},"end":{"line":142,"column":68}}]},"24":{"loc":{"start":{"line":145,"column":6},"end":{"line":154,"column":7}},"type":"if","locations":[{"start":{"line":145,"column":6},"end":{"line":154,"column":7}}]},"25":{"loc":{"start":{"line":147,"column":8},"end":{"line":148,"column":null}},"type":"if","locations":[{"start":{"line":147,"column":8},"end":{"line":148,"column":null}}]},"26":{"loc":{"start":{"line":149,"column":8},"end":{"line":150,"column":null}},"type":"if","locations":[{"start":{"line":149,"column":8},"end":{"line":150,"column":null}}]},"27":{"loc":{"start":{"line":151,"column":25},"end":{"line":151,"column":154}},"type":"cond-expr","locations":[{"start":{"line":151,"column":64},"end":{"line":151,"column":86}},{"start":{"line":151,"column":87},"end":{"line":151,"column":154}}]},"28":{"loc":{"start":{"line":151,"column":87},"end":{"line":151,"column":154}},"type":"cond-expr","locations":[{"start":{"line":151,"column":125},"end":{"line":151,"column":147}},{"start":{"line":151,"column":148},"end":{"line":151,"column":154}}]},"29":{"loc":{"start":{"line":152,"column":52},"end":{"line":152,"column":86}},"type":"cond-expr","locations":[{"start":{"line":152,"column":66},"end":{"line":152,"column":80}},{"start":{"line":152,"column":81},"end":{"line":152,"column":86}}]},"30":{"loc":{"start":{"line":159,"column":4},"end":{"line":182,"column":7}},"type":"if","locations":[{"start":{"line":159,"column":4},"end":{"line":182,"column":7}}]},"31":{"loc":{"start":{"line":162,"column":8},"end":{"line":181,"column":9}},"type":"if","locations":[{"start":{"line":162,"column":8},"end":{"line":181,"column":9}}]},"32":{"loc":{"start":{"line":162,"column":12},"end":{"line":162,"column":74}},"type":"binary-expr","locations":[{"start":{"line":162,"column":12},"end":{"line":162,"column":40}},{"start":{"line":162,"column":44},"end":{"line":162,"column":74}}]},"33":{"loc":{"start":{"line":163,"column":10},"end":{"line":164,"column":69}},"type":"if","locations":[{"start":{"line":163,"column":10},"end":{"line":164,"column":69}}]},"34":{"loc":{"start":{"line":166,"column":10},"end":{"line":180,"column":101}},"type":"if","locations":[{"start":{"line":166,"column":10},"end":{"line":180,"column":101}},{"start":{"line":169,"column":12},"end":{"line":180,"column":101}}]},"35":{"loc":{"start":{"line":169,"column":12},"end":{"line":180,"column":101}},"type":"if","locations":[{"start":{"line":169,"column":12},"end":{"line":180,"column":101}},{"start":{"line":172,"column":14},"end":{"line":180,"column":101}}]},"36":{"loc":{"start":{"line":172,"column":14},"end":{"line":180,"column":101}},"type":"if","locations":[{"start":{"line":172,"column":14},"end":{"line":180,"column":101}},{"start":{"line":180,"column":16},"end":{"line":180,"column":101}}]},"37":{"loc":{"start":{"line":184,"column":4},"end":{"line":187,"column":null}},"type":"if","locations":[{"start":{"line":184,"column":4},"end":{"line":187,"column":null}}]},"38":{"loc":{"start":{"line":186,"column":8},"end":{"line":187,"column":100}},"type":"if","locations":[{"start":{"line":186,"column":8},"end":{"line":187,"column":100}}]},"39":{"loc":{"start":{"line":188,"column":4},"end":{"line":196,"column":null}},"type":"if","locations":[{"start":{"line":188,"column":4},"end":{"line":196,"column":null}}]},"40":{"loc":{"start":{"line":190,"column":8},"end":{"line":196,"column":12}},"type":"if","locations":[{"start":{"line":190,"column":8},"end":{"line":196,"column":12}}]}},"s":{"0":1,"1":1,"2":0,"3":0,"4":0,"5":0,"6":0,"7":0,"8":0,"9":0,"10":0,"11":0,"12":0,"13":0,"14":0,"15":1,"16":0,"17":1,"18":0,"19":0,"20":0,"21":0,"22":0,"23":0,"24":0,"25":0,"26":0,"27":1,"28":0,"29":0,"30":0,"31":0,"32":0,"33":0,"34":0,"35":0,"36":0,"37":0,"38":0,"39":0,"40":0,"41":0,"42":0,"43":1,"44":0,"45":0,"46":1,"47":1,"48":1,"49":1,"50":0,"51":0,"52":0,"53":0,"54":0,"55":1,"56":0,"57":0,"58":0,"59":0,"60":0,"61":0,"62":0,"63":0,"64":0,"65":0,"66":0,"67":0,"68":0,"69":0,"70":0,"71":0,"72":1,"73":0,"74":0,"75":0,"76":0,"77":0,"78":1,"79":0,"80":0,"81":0,"82":0,"83":0,"84":0,"85":0,"86":0,"87":0,"88":0,"89":0,"90":0,"91":0,"92":0,"93":0,"94":0,"95":0,"96":0,"97":0,"98":0,"99":0,"100":0,"101":0,"102":0,"103":0,"104":0,"105":0,"106":0,"107":0,"108":0,"109":0,"110":0,"111":0,"112":0,"113":0,"114":0,"115":0,"116":0,"117":0,"118":0,"119":0,"120":0,"121":0,"122":0,"123":0,"124":0,"125":0,"126":0,"127":0,"128":0,"129":0,"130":0,"131":0,"132":1,"133":1},"f":{"0":1,"1":0,"2":0,"3":0,"4":0,"5":0,"6":0,"7":0,"8":0,"9":0,"10":0,"11":0,"12":0,"13":0,"14":0,"15":0,"16":0,"17":0,"18":0,"19":0,"20":0},"b":{"0":[0],"1":[0],"2":[0,0],"3":[0],"4":[0,0],"5":[0],"6":[0,0],"7":[0],"8":[0,0],"9":[0],"10":[0,0],"11":[0,0],"12":[0],"13":[0,0,0,0],"14":[0],"15":[0,0],"16":[0,0],"17":[0,0],"18":[0],"19":[0],"20":[0],"21":[0,0],"22":[0],"23":[0,0],"24":[0],"25":[0],"26":[0],"27":[0,0],"28":[0,0],"29":[0,0],"30":[0],"31":[0],"32":[0,0],"33":[0],"34":[0,0],"35":[0,0],"36":[0,0],"37":[0],"38":[0],"39":[0],"40":[0]}}
,"/Users/volkmar/node-red-contrib-dyn-pwr-price-opt/src/basenodeec.ts": {"path":"/Users/volkmar/node-red-contrib-dyn-pwr-price-opt/src/basenodeec.ts","statementMap":{"0":{"start":{"line":6,"column":0},"end":{"line":6,"column":38}},"1":{"start":{"line":7,"column":0},"end":{"line":7,"column":79}},"2":{"start":{"line":8,"column":0},"end":{"line":8,"column":null}},"3":{"start":{"line":13,"column":26},"end":{"line":13,"column":29}},"4":{"start":{"line":15,"column":0},"end":{"line":15,"column":71}},"5":{"start":{"line":15,"column":60},"end":{"line":15,"column":68}},"6":{"start":{"line":21,"column":6},"end":{"line":21,"column":34}},"7":{"start":{"line":16,"column":4},"end":{"line":16,"column":50}},"8":{"start":{"line":17,"column":4},"end":{"line":17,"column":51}},"9":{"start":{"line":18,"column":4},"end":{"line":18,"column":53}},"10":{"start":{"line":19,"column":4},"end":{"line":19,"column":47}},"11":{"start":{"line":57,"column":4},"end":{"line":57,"column":44}},"12":{"start":{"line":23,"column":4},"end":{"line":34,"column":null}},"13":{"start":{"line":24,"column":6},"end":{"line":25,"column":52}},"14":{"start":{"line":25,"column":8},"end":{"line":25,"column":52}},"15":{"start":{"line":26,"column":25},"end":{"line":26,"column":26}},"16":{"start":{"line":27,"column":6},"end":{"line":28,"column":null}},"17":{"start":{"line":28,"column":8},"end":{"line":28,"column":null}},"18":{"start":{"line":29,"column":15},"end":{"line":29,"column":49}},"19":{"start":{"line":30,"column":6},"end":{"line":31,"column":28}},"20":{"start":{"line":31,"column":8},"end":{"line":31,"column":28}},"21":{"start":{"line":33,"column":6},"end":{"line":33,"column":null}},"22":{"start":{"line":35,"column":4},"end":{"line":47,"column":null}},"23":{"start":{"line":36,"column":15},"end":{"line":36,"column":20}},"24":{"start":{"line":37,"column":6},"end":{"line":40,"column":7}},"25":{"start":{"line":38,"column":8},"end":{"line":38,"column":null}},"26":{"start":{"line":39,"column":8},"end":{"line":39,"column":null}},"27":{"start":{"line":42,"column":6},"end":{"line":45,"column":7}},"28":{"start":{"line":43,"column":8},"end":{"line":43,"column":null}},"29":{"start":{"line":44,"column":8},"end":{"line":44,"column":null}},"30":{"start":{"line":46,"column":6},"end":{"line":46,"column":16}},"31":{"start":{"line":48,"column":14},"end":{"line":48,"column":null}},"32":{"start":{"line":48,"column":51},"end":{"line":48,"column":60}},"33":{"start":{"line":58,"column":12},"end":{"line":69,"column":null}},"34":{"start":{"line":59,"column":6},"end":{"line":60,"column":null}},"35":{"start":{"line":60,"column":10},"end":{"line":60,"column":null}},"36":{"start":{"line":61,"column":38},"end":{"line":67,"column":null}},"37":{"start":{"line":68,"column":6},"end":{"line":68,"column":17}},"38":{"start":{"line":70,"column":4},"end":{"line":117,"column":null}},"39":{"start":{"line":71,"column":6},"end":{"line":72,"column":null}},"40":{"start":{"line":72,"column":8},"end":{"line":72,"column":null}},"41":{"start":{"line":73,"column":24},"end":{"line":73,"column":49}},"42":{"start":{"line":74,"column":18},"end":{"line":74,"column":19}},"43":{"start":{"line":75,"column":6},"end":{"line":82,"column":7}},"44":{"start":{"line":78,"column":8},"end":{"line":78,"column":null}},"45":{"start":{"line":80,"column":17},"end":{"line":80,"column":74}},"46":{"start":{"line":81,"column":8},"end":{"line":81,"column":null}},"47":{"start":{"line":84,"column":6},"end":{"line":116,"column":11}},"48":{"start":{"line":85,"column":8},"end":{"line":89,"column":11}},"49":{"start":{"line":90,"column":8},"end":{"line":110,"column":9}},"50":{"start":{"line":91,"column":10},"end":{"line":102,"column":11}},"51":{"start":{"line":92,"column":12},"end":{"line":100,"column":23}},"52":{"start":{"line":93,"column":12},"end":{"line":98,"column":null}},"53":{"start":{"line":100,"column":14},"end":{"line":100,"column":23}},"54":{"start":{"line":101,"column":10},"end":{"line":101,"column":36}},"55":{"start":{"line":105,"column":10},"end":{"line":109,"column":13}},"56":{"start":{"line":112,"column":8},"end":{"line":116,"column":11}},"57":{"start":{"line":119,"column":4},"end":{"line":125,"column":null}},"58":{"start":{"line":119,"column":15},"end":{"line":119,"column":null}},"59":{"start":{"line":120,"column":6},"end":{"line":124,"column":7}},"60":{"start":{"line":121,"column":8},"end":{"line":121,"column":26}},"61":{"start":{"line":123,"column":8},"end":{"line":123,"column":68}},"62":{"start":{"line":126,"column":4},"end":{"line":150,"column":null}},"63":{"start":{"line":126,"column":4},"end":{"line":126,"column":28}},"64":{"start":{"line":127,"column":25},"end":{"line":127,"column":59}},"65":{"start":{"line":128,"column":6},"end":{"line":149,"column":7}},"66":{"start":{"line":133,"column":8},"end":{"line":136,"column":10}},"67":{"start":{"line":137,"column":8},"end":{"line":137,"column":30}},"68":{"start":{"line":139,"column":8},"end":{"line":139,"column":38}},"69":{"start":{"line":140,"column":8},"end":{"line":140,"column":59}},"70":{"start":{"line":141,"column":8},"end":{"line":141,"column":40}},"71":{"start":{"line":142,"column":8},"end":{"line":142,"column":35}},"72":{"start":{"line":143,"column":8},"end":{"line":143,"column":35}},"73":{"start":{"line":144,"column":31},"end":{"line":144,"column":53}},"74":{"start":{"line":145,"column":8},"end":{"line":148,"column":36}},"75":{"start":{"line":146,"column":10},"end":{"line":146,"column":64}},"76":{"start":{"line":147,"column":10},"end":{"line":147,"column":28}},"77":{"start":{"line":151,"column":2},"end":{"line":151,"column":null}},"78":{"start":{"line":15,"column":23},"end":{"line":15,"column":48}}},"fnMap":{"0":{"name":"(anonymous_6)","decl":{"start":{"line":15,"column":0},"end":{"line":15,"column":23}},"loc":{"start":{"line":15,"column":0},"end":{"line":151,"column":null}}},"1":{"name":"BaseNodeEnergyConsumption","decl":{"start":{"line":20,"column":3},"end":{"line":20,"column":15}},"loc":{"start":{"line":20,"column":60},"end":{"line":22,"column":5}}},"2":{"name":"(anonymous_8)","decl":{"start":{"line":23,"column":4},"end":{"line":23,"column":20}},"loc":{"start":{"line":23,"column":33},"end":{"line":34,"column":5}}},"3":{"name":"(anonymous_9)","decl":{"start":{"line":35,"column":4},"end":{"line":35,"column":23}},"loc":{"start":{"line":35,"column":35},"end":{"line":47,"column":5}}},"4":{"name":"(anonymous_10)","decl":{"start":{"line":48,"column":4},"end":{"line":48,"column":14}},"loc":{"start":{"line":48,"column":4},"end":{"line":48,"column":60}}},"5":{"name":"(anonymous_11)","decl":{"start":{"line":58,"column":4},"end":{"line":58,"column":12}},"loc":{"start":{"line":58,"column":4},"end":{"line":69,"column":5}}},"6":{"name":"(anonymous_12)","decl":{"start":{"line":70,"column":4},"end":{"line":70,"column":10}},"loc":{"start":{"line":70,"column":23},"end":{"line":117,"column":5}}},"7":{"name":"(anonymous_13)","decl":{"start":{"line":119,"column":4},"end":{"line":119,"column":14}},"loc":{"start":{"line":119,"column":40},"end":{"line":125,"column":5}}},"8":{"name":"(anonymous_14)","decl":{"start":{"line":126,"column":4},"end":{"line":126,"column":28}},"loc":{"start":{"line":126,"column":41},"end":{"line":150,"column":5}}},"9":{"name":"(anonymous_15)","decl":{"start":{"line":145,"column":19},"end":{"line":145,"column":null}},"loc":{"start":{"line":145,"column":19},"end":{"line":148,"column":9}}}},"branchMap":{"0":{"loc":{"start":{"line":21,"column":6},"end":{"line":21,"column":34}},"type":"binary-expr","locations":[{"start":{"line":21,"column":6},"end":{"line":21,"column":33}},{"start":{"line":21,"column":33},"end":{"line":21,"column":34}}]},"1":{"loc":{"start":{"line":24,"column":6},"end":{"line":25,"column":52}},"type":"if","locations":[{"start":{"line":24,"column":6},"end":{"line":25,"column":52}}]},"2":{"loc":{"start":{"line":27,"column":6},"end":{"line":28,"column":null}},"type":"if","locations":[{"start":{"line":27,"column":6},"end":{"line":28,"column":null}}]},"3":{"loc":{"start":{"line":27,"column":10},"end":{"line":27,"column":75}},"type":"binary-expr","locations":[{"start":{"line":27,"column":10},"end":{"line":27,"column":45}},{"start":{"line":27,"column":49},"end":{"line":27,"column":75}}]},"4":{"loc":{"start":{"line":30,"column":6},"end":{"line":31,"column":28}},"type":"if","locations":[{"start":{"line":30,"column":6},"end":{"line":31,"column":28}}]},"5":{"loc":{"start":{"line":37,"column":6},"end":{"line":40,"column":7}},"type":"if","locations":[{"start":{"line":37,"column":6},"end":{"line":40,"column":7}}]},"6":{"loc":{"start":{"line":42,"column":6},"end":{"line":45,"column":7}},"type":"if","locations":[{"start":{"line":42,"column":6},"end":{"line":45,"column":7}}]},"7":{"loc":{"start":{"line":59,"column":6},"end":{"line":60,"column":null}},"type":"if","locations":[{"start":{"line":59,"column":6},"end":{"line":60,"column":null}}]},"8":{"loc":{"start":{"line":59,"column":9},"end":{"line":59,"column":80}},"type":"binary-expr","locations":[{"start":{"line":59,"column":9},"end":{"line":59,"column":24}},{"start":{"line":59,"column":28},"end":{"line":59,"column":54}},{"start":{"line":59,"column":58},"end":{"line":59,"column":80}}]},"9":{"loc":{"start":{"line":71,"column":6},"end":{"line":72,"column":null}},"type":"if","locations":[{"start":{"line":71,"column":6},"end":{"line":72,"column":null}}]},"10":{"loc":{"start":{"line":75,"column":6},"end":{"line":82,"column":7}},"type":"if","locations":[{"start":{"line":75,"column":6},"end":{"line":82,"column":7}},{"start":{"line":79,"column":10},"end":{"line":82,"column":7}}]},"11":{"loc":{"start":{"line":75,"column":10},"end":{"line":77,"column":99}},"type":"binary-expr","locations":[{"start":{"line":75,"column":10},"end":{"line":75,"column":50}},{"start":{"line":76,"column":8},"end":{"line":76,"column":47}},{"start":{"line":76,"column":51},"end":{"line":76,"column":89}},{"start":{"line":77,"column":12},"end":{"line":77,"column":52}},{"start":{"line":77,"column":56},"end":{"line":77,"column":98}}]},"12":{"loc":{"start":{"line":84,"column":6},"end":{"line":116,"column":11}},"type":"if","locations":[{"start":{"line":84,"column":6},"end":{"line":116,"column":11}},{"start":{"line":112,"column":8},"end":{"line":116,"column":11}}]},"13":{"loc":{"start":{"line":91,"column":10},"end":{"line":102,"column":11}},"type":"if","locations":[{"start":{"line":91,"column":10},"end":{"line":102,"column":11}}]},"14":{"loc":{"start":{"line":92,"column":12},"end":{"line":100,"column":23}},"type":"if","locations":[{"start":{"line":92,"column":12},"end":{"line":100,"column":23}},{"start":{"line":100,"column":14},"end":{"line":100,"column":23}}]},"15":{"loc":{"start":{"line":119,"column":15},"end":{"line":119,"column":null}},"type":"if","locations":[{"start":{"line":119,"column":15},"end":{"line":119,"column":null}}]},"16":{"loc":{"start":{"line":128,"column":6},"end":{"line":149,"column":7}},"type":"if","locations":[{"start":{"line":128,"column":6},"end":{"line":149,"column":7}},{"start":{"line":138,"column":13},"end":{"line":149,"column":7}}]},"17":{"loc":{"start":{"line":129,"column":8},"end":{"line":131,"column":38}},"type":"binary-expr","locations":[{"start":{"line":129,"column":8},"end":{"line":129,"column":62}},{"start":{"line":130,"column":8},"end":{"line":130,"column":38}},{"start":{"line":131,"column":8},"end":{"line":131,"column":38}}]}},"s":{"0":1,"1":1,"2":1,"3":1,"4":1,"5":1,"6":0,"7":0,"8":0,"9":0,"10":0,"11":0,"12":1,"13":0,"14":0,"15":0,"16":0,"17":0,"18":0,"19":0,"20":0,"21":0,"22":1,"23":0,"24":0,"25":0,"26":0,"27":0,"28":0,"29":0,"30":0,"31":1,"32":0,"33":1,"34":0,"35":0,"36":0,"37":0,"38":1,"39":0,"40":0,"41":0,"42":0,"43":0,"44":0,"45":0,"46":0,"47":0,"48":0,"49":0,"50":0,"51":0,"52":0,"53":0,"54":0,"55":0,"56":0,"57":1,"58":0,"59":0,"60":0,"61":0,"62":1,"63":0,"64":0,"65":0,"66":0,"67":0,"68":0,"69":0,"70":0,"71":0,"72":0,"73":0,"74":0,"75":0,"76":0,"77":1,"78":1},"f":{"0":1,"1":0,"2":0,"3":0,"4":0,"5":0,"6":0,"7":0,"8":0,"9":0},"b":{"0":[0,0],"1":[0],"2":[0],"3":[0,0],"4":[0],"5":[0],"6":[0],"7":[0],"8":[0,0,0],"9":[0],"10":[0,0],"11":[0,0,0,0,0],"12":[0,0],"13":[0],"14":[0,0],"15":[0],"16":[0,0],"17":[0,0,0]}}
,"/Users/volkmar/node-red-contrib-dyn-pwr-price-opt/src/energyconsumption.ts": {"path":"/Users/volkmar/node-red-contrib-dyn-pwr-price-opt/src/energyconsumption.ts","statementMap":{"0":{"start":{"line":6,"column":0},"end":{"line":6,"column":null}},"1":{"start":{"line":7,"column":2},"end":{"line":7,"column":null}},"2":{"start":{"line":8,"column":2},"end":{"line":8,"column":null}},"3":{"start":{"line":20,"column":0},"end":{"line":20,"column":13}},"4":{"start":{"line":22,"column":25},"end":{"line":22,"column":54}},"5":{"start":{"line":21,"column":4},"end":{"line":21,"column":35}},"6":{"start":{"line":23,"column":12},"end":{"line":32,"column":null}},"7":{"start":{"line":24,"column":8},"end":{"line":24,"column":null}},"8":{"start":{"line":25,"column":31},"end":{"line":25,"column":45}},"9":{"start":{"line":26,"column":28},"end":{"line":26,"column":181}},"10":{"start":{"line":27,"column":8},"end":{"line":28,"column":null}},"11":{"start":{"line":28,"column":12},"end":{"line":28,"column":null}},"12":{"start":{"line":29,"column":8},"end":{"line":29,"column":null}},"13":{"start":{"line":30,"column":8},"end":{"line":30,"column":null}},"14":{"start":{"line":31,"column":8},"end":{"line":31,"column":null}},"15":{"start":{"line":33,"column":4},"end":{"line":44,"column":null}},"16":{"start":{"line":34,"column":6},"end":{"line":35,"column":null}},"17":{"start":{"line":35,"column":8},"end":{"line":35,"column":null}},"18":{"start":{"line":36,"column":6},"end":{"line":37,"column":null}},"19":{"start":{"line":37,"column":8},"end":{"line":37,"column":null}},"20":{"start":{"line":38,"column":6},"end":{"line":39,"column":null}},"21":{"start":{"line":39,"column":8},"end":{"line":39,"column":null}},"22":{"start":{"line":40,"column":6},"end":{"line":41,"column":null}},"23":{"start":{"line":41,"column":8},"end":{"line":41,"column":null}},"24":{"start":{"line":42,"column":6},"end":{"line":43,"column":null}},"25":{"start":{"line":43,"column":8},"end":{"line":43,"column":null}},"26":{"start":{"line":45,"column":12},"end":{"line":116,"column":null}},"27":{"start":{"line":45,"column":4},"end":{"line":45,"column":12}},"28":{"start":{"line":46,"column":30},"end":{"line":46,"column":68}},"29":{"start":{"line":47,"column":6},"end":{"line":50,"column":7}},"30":{"start":{"line":48,"column":8},"end":{"line":48,"column":null}},"31":{"start":{"line":48,"column":34},"end":{"line":48,"column":60}},"32":{"start":{"line":49,"column":8},"end":{"line":49,"column":14}},"33":{"start":{"line":52,"column":6},"end":{"line":54,"column":9}},"34":{"start":{"line":53,"column":10},"end":{"line":53,"column":36}},"35":{"start":{"line":56,"column":8},"end":{"line":56,"column":56}},"36":{"start":{"line":56,"column":37},"end":{"line":56,"column":55}},"37":{"start":{"line":58,"column":18},"end":{"line":58,"column":19}},"38":{"start":{"line":59,"column":33},"end":{"line":59,"column":35}},"39":{"start":{"line":60,"column":28},"end":{"line":60,"column":57}},"40":{"start":{"line":62,"column":27},"end":{"line":62,"column":28}},"41":{"start":{"line":63,"column":8},"end":{"line":63,"column":58}},"42":{"start":{"line":63,"column":40},"end":{"line":63,"column":58}},"43":{"start":{"line":64,"column":8},"end":{"line":64,"column":56}},"44":{"start":{"line":64,"column":39},"end":{"line":64,"column":56}},"45":{"start":{"line":66,"column":10},"end":{"line":68,"column":26}},"46":{"start":{"line":70,"column":8},"end":{"line":73,"column":9}},"47":{"start":{"line":71,"column":10},"end":{"line":71,"column":29}},"48":{"start":{"line":72,"column":10},"end":{"line":72,"column":27}},"49":{"start":{"line":74,"column":8},"end":{"line":80,"column":9}},"50":{"start":{"line":75,"column":10},"end":{"line":79,"column":13}},"51":{"start":{"line":77,"column":12},"end":{"line":78,"column":66}},"52":{"start":{"line":78,"column":14},"end":{"line":78,"column":66}},"53":{"start":{"line":81,"column":8},"end":{"line":82,"column":60}},"54":{"start":{"line":82,"column":10},"end":{"line":82,"column":60}},"55":{"start":{"line":84,"column":8},"end":{"line":86,"column":9}},"56":{"start":{"line":85,"column":10},"end":{"line":85,"column":58}},"57":{"start":{"line":88,"column":8},"end":{"line":89,"column":57}},"58":{"start":{"line":89,"column":10},"end":{"line":89,"column":57}},"59":{"start":{"line":91,"column":21},"end":{"line":91,"column":33}},"60":{"start":{"line":92,"column":8},"end":{"line":101,"column":9}},"61":{"start":{"line":93,"column":10},"end":{"line":100,"column":13}},"62":{"start":{"line":95,"column":12},"end":{"line":99,"column":65}},"63":{"start":{"line":99,"column":14},"end":{"line":99,"column":65}},"64":{"start":{"line":102,"column":8},"end":{"line":103,"column":59}},"65":{"start":{"line":103,"column":10},"end":{"line":103,"column":59}},"66":{"start":{"line":106,"column":10},"end":{"line":107,"column":82}},"67":{"start":{"line":108,"column":8},"end":{"line":113,"column":9}},"68":{"start":{"line":108,"column":21},"end":{"line":108,"column":34}},"69":{"start":{"line":110,"column":12},"end":{"line":110,"column":81}},"70":{"start":{"line":111,"column":10},"end":{"line":112,"column":65}},"71":{"start":{"line":112,"column":12},"end":{"line":112,"column":65}},"72":{"start":{"line":115,"column":8},"end":{"line":115,"column":56}},"73":{"start":{"line":115,"column":37},"end":{"line":115,"column":55}},"74":{"start":{"line":117,"column":11},"end":{"line":125,"column":null}},"75":{"start":{"line":117,"column":3},"end":{"line":117,"column":11}},"76":{"start":{"line":119,"column":16},"end":{"line":119,"column":45}},"77":{"start":{"line":120,"column":8},"end":{"line":120,"column":129}},"78":{"start":{"line":120,"column":112},"end":{"line":120,"column":129}},"79":{"start":{"line":121,"column":8},"end":{"line":124,"column":10}},"80":{"start":{"line":123,"column":12},"end":{"line":123,"column":null}},"81":{"start":{"line":126,"column":14},"end":{"line":128,"column":null}},"82":{"start":{"line":127,"column":8},"end":{"line":127,"column":68}},"83":{"start":{"line":129,"column":4},"end":{"line":144,"column":null}},"84":{"start":{"line":129,"column":4},"end":{"line":129,"column":18}},"85":{"start":{"line":130,"column":8},"end":{"line":130,"column":null}},"86":{"start":{"line":131,"column":17},"end":{"line":132,"column":null}},"87":{"start":{"line":132,"column":21},"end":{"line":132,"column":null}},"88":{"start":{"line":134,"column":8},"end":{"line":135,"column":68}},"89":{"start":{"line":135,"column":10},"end":{"line":135,"column":68}},"90":{"start":{"line":136,"column":8},"end":{"line":137,"column":48}},"91":{"start":{"line":137,"column":10},"end":{"line":137,"column":48}},"92":{"start":{"line":138,"column":8},"end":{"line":139,"column":null}},"93":{"start":{"line":139,"column":10},"end":{"line":139,"column":null}},"94":{"start":{"line":141,"column":8},"end":{"line":142,"column":63}},"95":{"start":{"line":142,"column":10},"end":{"line":142,"column":63}},"96":{"start":{"line":143,"column":8},"end":{"line":143,"column":33}},"97":{"start":{"line":145,"column":0},"end":{"line":145,"column":null}},"98":{"start":{"line":20,"column":13},"end":{"line":20,"column":30}}},"fnMap":{"0":{"name":"(anonymous_0)","decl":{"start":{"line":6,"column":0},"end":{"line":6,"column":12}},"loc":{"start":{"line":6,"column":33},"end":{"line":9,"column":1}}},"1":{"name":"(anonymous_1)","decl":{"start":{"line":20,"column":0},"end":{"line":20,"column":13}},"loc":{"start":{"line":20,"column":0},"end":{"line":145,"column":null}}},"2":{"name":"EnergyConsumption","decl":{"start":{"line":22,"column":4},"end":{"line":22,"column":25}},"loc":{"start":{"line":22,"column":54},"end":{"line":22,"column":57}}},"3":{"name":"(anonymous_3)","decl":{"start":{"line":23,"column":4},"end":{"line":23,"column":12}},"loc":{"start":{"line":23,"column":36},"end":{"line":32,"column":5}}},"4":{"name":"(anonymous_4)","decl":{"start":{"line":33,"column":4},"end":{"line":33,"column":15}},"loc":{"start":{"line":33,"column":4},"end":{"line":44,"column":5}}},"5":{"name":"(anonymous_5)","decl":{"start":{"line":45,"column":4},"end":{"line":45,"column":12}},"loc":{"start":{"line":45,"column":46},"end":{"line":116,"column":7}}},"6":{"name":"(anonymous_6)","decl":{"start":{"line":48,"column":30},"end":{"line":48,"column":31}},"loc":{"start":{"line":48,"column":31},"end":{"line":48,"column":60}}},"7":{"name":"(anonymous_7)","decl":{"start":{"line":52,"column":20},"end":{"line":52,"column":21}},"loc":{"start":{"line":52,"column":26},"end":{"line":54,"column":7}}},"8":{"name":"(anonymous_8)","decl":{"start":{"line":56,"column":27},"end":{"line":56,"column":28}},"loc":{"start":{"line":56,"column":32},"end":{"line":56,"column":38}}},"9":{"name":"(anonymous_9)","decl":{"start":{"line":75,"column":32},"end":{"line":75,"column":33}},"loc":{"start":{"line":75,"column":43},"end":{"line":79,"column":11}}},"10":{"name":"(anonymous_10)","decl":{"start":{"line":93,"column":32},"end":{"line":93,"column":33}},"loc":{"start":{"line":93,"column":43},"end":{"line":100,"column":11}}},"11":{"name":"(anonymous_11)","decl":{"start":{"line":115,"column":27},"end":{"line":115,"column":28}},"loc":{"start":{"line":115,"column":32},"end":{"line":115,"column":38}}},"12":{"name":"(anonymous_12)","decl":{"start":{"line":117,"column":3},"end":{"line":117,"column":11}},"loc":{"start":{"line":117,"column":49},"end":{"line":125,"column":7}}},"13":{"name":"(anonymous_13)","decl":{"start":{"line":122,"column":10},"end":{"line":122,"column":11}},"loc":{"start":{"line":122,"column":15},"end":{"line":123,"column":16}}},"14":{"name":"(anonymous_14)","decl":{"start":{"line":126,"column":6},"end":{"line":126,"column":14}},"loc":{"start":{"line":126,"column":6},"end":{"line":128,"column":7}}},"15":{"name":"(anonymous_15)","decl":{"start":{"line":129,"column":4},"end":{"line":129,"column":18}},"loc":{"start":{"line":129,"column":31},"end":{"line":144,"column":7}}},"16":{"name":"(anonymous_16)","decl":{"start":{"line":132,"column":10},"end":{"line":132,"column":11}},"loc":{"start":{"line":132,"column":16},"end":{"line":132,"column":26}}}},"branchMap":{"0":{"loc":{"start":{"line":6,"column":12},"end":{"line":6,"column":null}},"type":"binary-expr","locations":[{"start":{"line":6,"column":12},"end":{"line":6,"column":33}},{"start":{"line":6,"column":33},"end":{"line":6,"column":null}}]},"1":{"loc":{"start":{"line":27,"column":8},"end":{"line":28,"column":null}},"type":"if","locations":[{"start":{"line":27,"column":8},"end":{"line":28,"column":null}}]},"2":{"loc":{"start":{"line":34,"column":6},"end":{"line":35,"column":null}},"type":"if","locations":[{"start":{"line":34,"column":6},"end":{"line":35,"column":null}}]},"3":{"loc":{"start":{"line":36,"column":6},"end":{"line":37,"column":null}},"type":"if","locations":[{"start":{"line":36,"column":6},"end":{"line":37,"column":null}}]},"4":{"loc":{"start":{"line":38,"column":6},"end":{"line":39,"column":null}},"type":"if","locations":[{"start":{"line":38,"column":6},"end":{"line":39,"column":null}}]},"5":{"loc":{"start":{"line":40,"column":6},"end":{"line":41,"column":null}},"type":"if","locations":[{"start":{"line":40,"column":6},"end":{"line":41,"column":null}}]},"6":{"loc":{"start":{"line":42,"column":6},"end":{"line":43,"column":null}},"type":"if","locations":[{"start":{"line":42,"column":6},"end":{"line":43,"column":null}}]},"7":{"loc":{"start":{"line":47,"column":6},"end":{"line":50,"column":7}},"type":"if","locations":[{"start":{"line":47,"column":6},"end":{"line":50,"column":7}}]},"8":{"loc":{"start":{"line":47,"column":11},"end":{"line":47,"column":48}},"type":"binary-expr","locations":[{"start":{"line":47,"column":11},"end":{"line":47,"column":29}},{"start":{"line":47,"column":33},"end":{"line":47,"column":48}}]},"9":{"loc":{"start":{"line":63,"column":8},"end":{"line":63,"column":58}},"type":"if","locations":[{"start":{"line":63,"column":8},"end":{"line":63,"column":58}}]},"10":{"loc":{"start":{"line":64,"column":8},"end":{"line":64,"column":56}},"type":"if","locations":[{"start":{"line":64,"column":8},"end":{"line":64,"column":56}}]},"11":{"loc":{"start":{"line":66,"column":10},"end":{"line":68,"column":26}},"type":"cond-expr","locations":[{"start":{"line":67,"column":14},"end":{"line":67,"column":49}},{"start":{"line":68,"column":14},"end":{"line":68,"column":26}}]},"12":{"loc":{"start":{"line":70,"column":8},"end":{"line":73,"column":9}},"type":"if","locations":[{"start":{"line":70,"column":8},"end":{"line":73,"column":9}}]},"13":{"loc":{"start":{"line":74,"column":8},"end":{"line":80,"column":9}},"type":"if","locations":[{"start":{"line":74,"column":8},"end":{"line":80,"column":9}}]},"14":{"loc":{"start":{"line":77,"column":12},"end":{"line":78,"column":66}},"type":"if","locations":[{"start":{"line":77,"column":12},"end":{"line":78,"column":66}}]},"15":{"loc":{"start":{"line":81,"column":8},"end":{"line":82,"column":60}},"type":"if","locations":[{"start":{"line":81,"column":8},"end":{"line":82,"column":60}}]},"16":{"loc":{"start":{"line":84,"column":8},"end":{"line":86,"column":9}},"type":"if","locations":[{"start":{"line":84,"column":8},"end":{"line":86,"column":9}}]},"17":{"loc":{"start":{"line":88,"column":8},"end":{"line":89,"column":57}},"type":"if","locations":[{"start":{"line":88,"column":8},"end":{"line":89,"column":57}}]},"18":{"loc":{"start":{"line":92,"column":8},"end":{"line":101,"column":9}},"type":"if","locations":[{"start":{"line":92,"column":8},"end":{"line":101,"column":9}}]},"19":{"loc":{"start":{"line":95,"column":12},"end":{"line":99,"column":65}},"type":"if","locations":[{"start":{"line":95,"column":12},"end":{"line":99,"column":65}}]},"20":{"loc":{"start":{"line":96,"column":14},"end":{"line":97,"column":44}},"type":"binary-expr","locations":[{"start":{"line":96,"column":14},"end":{"line":96,"column":56}},{"start":{"line":97,"column":14},"end":{"line":97,"column":44}}]},"21":{"loc":{"start":{"line":102,"column":8},"end":{"line":103,"column":59}},"type":"if","locations":[{"start":{"line":102,"column":8},"end":{"line":103,"column":59}}]},"22":{"loc":{"start":{"line":107,"column":33},"end":{"line":107,"column":54}},"type":"cond-expr","locations":[{"start":{"line":107,"column":49},"end":{"line":107,"column":50}},{"start":{"line":107,"column":53},"end":{"line":107,"column":54}}]},"23":{"loc":{"start":{"line":107,"column":59},"end":{"line":107,"column":79}},"type":"cond-expr","locations":[{"start":{"line":107,"column":74},"end":{"line":107,"column":75}},{"start":{"line":107,"column":78},"end":{"line":107,"column":79}}]},"24":{"loc":{"start":{"line":110,"column":59},"end":{"line":110,"column":80}},"type":"cond-expr","locations":[{"start":{"line":110,"column":75},"end":{"line":110,"column":76}},{"start":{"line":110,"column":79},"end":{"line":110,"column":80}}]},"25":{"loc":{"start":{"line":111,"column":10},"end":{"line":112,"column":65}},"type":"if","locations":[{"start":{"line":111,"column":10},"end":{"line":112,"column":65}}]},"26":{"loc":{"start":{"line":111,"column":14},"end":{"line":111,"column":55}},"type":"binary-expr","locations":[{"start":{"line":111,"column":14},"end":{"line":111,"column":27}},{"start":{"line":111,"column":31},"end":{"line":111,"column":55}}]},"27":{"loc":{"start":{"line":120,"column":8},"end":{"line":120,"column":129}},"type":"if","locations":[{"start":{"line":120,"column":8},"end":{"line":120,"column":129}}]},"28":{"loc":{"start":{"line":120,"column":12},"end":{"line":120,"column":110}},"type":"binary-expr","locations":[{"start":{"line":120,"column":12},"end":{"line":120,"column":34}},{"start":{"line":120,"column":38},"end":{"line":120,"column":71}},{"start":{"line":120,"column":74},"end":{"line":120,"column":110}}]},"29":{"loc":{"start":{"line":123,"column":12},"end":{"line":123,"column":81}},"type":"binary-expr","locations":[{"start":{"line":123,"column":12},"end":{"line":123,"column":27}},{"start":{"line":123,"column":31},"end":{"line":123,"column":81}}]},"30":{"loc":{"start":{"line":132,"column":21},"end":{"line":132,"column":123}},"type":"binary-expr","locations":[{"start":{"line":132,"column":21},"end":{"line":132,"column":40}},{"start":{"line":132,"column":44},"end":{"line":132,"column":123}}]},"31":{"loc":{"start":{"line":134,"column":8},"end":{"line":135,"column":68}},"type":"if","locations":[{"start":{"line":134,"column":8},"end":{"line":135,"column":68}}]},"32":{"loc":{"start":{"line":134,"column":12},"end":{"line":134,"column":31}},"type":"binary-expr","locations":[{"start":{"line":134,"column":12},"end":{"line":134,"column":14}},{"start":{"line":134,"column":18},"end":{"line":134,"column":31}}]},"33":{"loc":{"start":{"line":136,"column":8},"end":{"line":137,"column":48}},"type":"if","locations":[{"start":{"line":136,"column":8},"end":{"line":137,"column":48}}]},"34":{"loc":{"start":{"line":136,"column":12},"end":{"line":136,"column":33}},"type":"binary-expr","locations":[{"start":{"line":136,"column":12},"end":{"line":136,"column":15}},{"start":{"line":136,"column":19},"end":{"line":136,"column":33}}]},"35":{"loc":{"start":{"line":138,"column":8},"end":{"line":139,"column":null}},"type":"if","locations":[{"start":{"line":138,"column":8},"end":{"line":139,"column":null}}]},"36":{"loc":{"start":{"line":138,"column":12},"end":{"line":138,"column":55}},"type":"binary-expr","locations":[{"start":{"line":138,"column":12},"end":{"line":138,"column":26}},{"start":{"line":138,"column":30},"end":{"line":138,"column":55}}]},"37":{"loc":{"start":{"line":141,"column":8},"end":{"line":142,"column":63}},"type":"if","locations":[{"start":{"line":141,"column":8},"end":{"line":142,"column":63}}]}},"s":{"0":1,"1":1,"2":1,"3":1,"4":0,"5":0,"6":1,"7":0,"8":0,"9":0,"10":0,"11":0,"12":0,"13":0,"14":0,"15":1,"16":0,"17":0,"18":0,"19":0,"20":0,"21":0,"22":0,"23":0,"24":0,"25":0,"26":1,"27":0,"28":0,"29":0,"30":0,"31":0,"32":0,"33":0,"34":0,"35":0,"36":0,"37":0,"38":0,"39":0,"40":0,"41":0,"42":0,"43":0,"44":0,"45":0,"46":0,"47":0,"48":0,"49":0,"50":0,"51":0,"52":0,"53":0,"54":0,"55":0,"56":0,"57":0,"58":0,"59":0,"60":0,"61":0,"62":0,"63":0,"64":0,"65":0,"66":0,"67":0,"68":0,"69":0,"70":0,"71":0,"72":0,"73":0,"74":1,"75":0,"76":0,"77":0,"78":0,"79":0,"80":0,"81":1,"82":0,"83":1,"84":0,"85":0,"86":0,"87":0,"88":0,"89":0,"90":0,"91":0,"92":0,"93":0,"94":0,"95":0,"96":0,"97":1,"98":1},"f":{"0":1,"1":1,"2":0,"3":0,"4":0,"5":0,"6":0,"7":0,"8":0,"9":0,"10":0,"11":0,"12":0,"13":0,"14":0,"15":0,"16":0},"b":{"0":[1,1],"1":[0],"2":[0],"3":[0],"4":[0],"5":[0],"6":[0],"7":[0],"8":[0,0],"9":[0],"10":[0],"11":[0,0],"12":[0],"13":[0],"14":[0],"15":[0],"16":[0],"17":[0],"18":[0],"19":[0],"20":[0,0],"21":[0],"22":[0,0],"23":[0,0],"24":[0,0],"25":[0],"26":[0,0],"27":[0],"28":[0,0,0],"29":[0,0],"30":[0,0],"31":[0],"32":[0,0],"33":[0],"34":[0,0],"35":[0],"36":[0,0],"37":[0]}}
,"/Users/volkmar/node-red-contrib-dyn-pwr-price-opt/src/heating.ts": {"path":"/Users/volkmar/node-red-contrib-dyn-pwr-price-opt/src/heating.ts","statementMap":{"0":{"start":{"line":98,"column":0},"end":{"line":98,"column":24}},"1":{"start":{"line":6,"column":0},"end":{"line":6,"column":57}},"2":{"start":{"line":7,"column":0},"end":{"line":7,"column":null}},"3":{"start":{"line":12,"column":33},"end":{"line":26,"column":2}},"4":{"start":{"line":27,"column":27},"end":{"line":27,"column":29}},"5":{"start":{"line":33,"column":0},"end":{"line":33,"column":73}},"6":{"start":{"line":33,"column":33},"end":{"line":33,"column":58}},"7":{"start":{"line":40,"column":4},"end":{"line":40,"column":32}},"8":{"start":{"line":35,"column":2},"end":{"line":35,"column":48}},"9":{"start":{"line":36,"column":2},"end":{"line":36,"column":49}},"10":{"start":{"line":37,"column":2},"end":{"line":37,"column":51}},"11":{"start":{"line":38,"column":2},"end":{"line":38,"column":45}},"12":{"start":{"line":41,"column":4},"end":{"line":43,"column":7}},"13":{"start":{"line":42,"column":6},"end":{"line":42,"column":74}},"14":{"start":{"line":44,"column":4},"end":{"line":44,"column":null}},"15":{"start":{"line":46,"column":2},"end":{"line":48,"column":null}},"16":{"start":{"line":47,"column":4},"end":{"line":47,"column":null}},"17":{"start":{"line":49,"column":2},"end":{"line":51,"column":null}},"18":{"start":{"line":50,"column":4},"end":{"line":50,"column":null}},"19":{"start":{"line":52,"column":2},"end":{"line":54,"column":null}},"20":{"start":{"line":53,"column":4},"end":{"line":53,"column":46}},"21":{"start":{"line":55,"column":2},"end":{"line":57,"column":null}},"22":{"start":{"line":56,"column":4},"end":{"line":56,"column":null}},"23":{"start":{"line":58,"column":2},"end":{"line":60,"column":null}},"24":{"start":{"line":59,"column":4},"end":{"line":59,"column":null}},"25":{"start":{"line":61,"column":3},"end":{"line":74,"column":null}},"26":{"start":{"line":62,"column":37},"end":{"line":62,"column":75}},"27":{"start":{"line":63,"column":4},"end":{"line":68,"column":5}},"28":{"start":{"line":64,"column":6},"end":{"line":65,"column":48}},"29":{"start":{"line":65,"column":8},"end":{"line":65,"column":48}},"30":{"start":{"line":66,"column":6},"end":{"line":67,"column":null}},"31":{"start":{"line":69,"column":29},"end":{"line":69,"column":52}},"32":{"start":{"line":70,"column":4},"end":{"line":71,"column":null}},"33":{"start":{"line":71,"column":6},"end":{"line":71,"column":null}},"34":{"start":{"line":73,"column":4},"end":{"line":73,"column":null}},"35":{"start":{"line":75,"column":2},"end":{"line":80,"column":null}},"36":{"start":{"line":76,"column":23},"end":{"line":76,"column":24}},"37":{"start":{"line":77,"column":4},"end":{"line":78,"column":null}},"38":{"start":{"line":78,"column":6},"end":{"line":78,"column":null}},"39":{"start":{"line":79,"column":4},"end":{"line":79,"column":null}},"40":{"start":{"line":81,"column":2},"end":{"line":96,"column":null}},"41":{"start":{"line":82,"column":37},"end":{"line":82,"column":75}},"42":{"start":{"line":83,"column":29},"end":{"line":83,"column":52}},"43":{"start":{"line":84,"column":4},"end":{"line":85,"column":null}},"44":{"start":{"line":85,"column":6},"end":{"line":85,"column":null}},"45":{"start":{"line":86,"column":4},"end":{"line":91,"column":5}},"46":{"start":{"line":87,"column":6},"end":{"line":88,"column":38}},"47":{"start":{"line":88,"column":8},"end":{"line":88,"column":38}},"48":{"start":{"line":89,"column":6},"end":{"line":90,"column":null}},"49":{"start":{"line":93,"column":4},"end":{"line":93,"column":null}},"50":{"start":{"line":97,"column":0},"end":{"line":97,"column":null}},"51":{"start":{"line":33,"column":13},"end":{"line":33,"column":24}},"52":{"start":{"line":99,"column":2},"end":{"line":99,"column":null}},"53":{"start":{"line":99,"column":31},"end":{"line":99,"column":42}},"54":{"start":{"line":101,"column":6},"end":{"line":101,"column":null}},"55":{"start":{"line":103,"column":2},"end":{"line":103,"column":null}},"56":{"start":{"line":105,"column":2},"end":{"line":108,"column":4}},"57":{"start":{"line":112,"column":11},"end":{"line":112,"column":42}}},"fnMap":{"0":{"name":"(anonymous_6)","decl":{"start":{"line":33,"column":0},"end":{"line":33,"column":13}},"loc":{"start":{"line":33,"column":0},"end":{"line":97,"column":null}}},"1":{"name":"HeatingNode","decl":{"start":{"line":39,"column":1},"end":{"line":39,"column":13}},"loc":{"start":{"line":39,"column":33},"end":{"line":45,"column":3}}},"2":{"name":"(anonymous_8)","decl":{"start":{"line":41,"column":39},"end":{"line":41,"column":40}},"loc":{"start":{"line":41,"column":45},"end":{"line":43,"column":5}}},"3":{"name":"(anonymous_9)","decl":{"start":{"line":46,"column":2},"end":{"line":46,"column":24}},"loc":{"start":{"line":46,"column":2},"end":{"line":48,"column":3}}},"4":{"name":"(anonymous_10)","decl":{"start":{"line":49,"column":2},"end":{"line":49,"column":23}},"loc":{"start":{"line":49,"column":2},"end":{"line":51,"column":3}}},"5":{"name":"(anonymous_11)","decl":{"start":{"line":52,"column":2},"end":{"line":52,"column":20}},"loc":{"start":{"line":52,"column":2},"end":{"line":54,"column":3}}},"6":{"name":"(anonymous_12)","decl":{"start":{"line":55,"column":2},"end":{"line":55,"column":23}},"loc":{"start":{"line":55,"column":2},"end":{"line":57,"column":3}}},"7":{"name":"(anonymous_13)","decl":{"start":{"line":58,"column":2},"end":{"line":58,"column":21}},"loc":{"start":{"line":58,"column":2},"end":{"line":60,"column":3}}},"8":{"name":"(anonymous_14)","decl":{"start":{"line":61,"column":3},"end":{"line":61,"column":29}},"loc":{"start":{"line":61,"column":3},"end":{"line":74,"column":3}}},"9":{"name":"(anonymous_15)","decl":{"start":{"line":75,"column":2},"end":{"line":75,"column":17}},"loc":{"start":{"line":75,"column":2},"end":{"line":80,"column":3}}},"10":{"name":"(anonymous_16)","decl":{"start":{"line":81,"column":2},"end":{"line":81,"column":22}},"loc":{"start":{"line":81,"column":2},"end":{"line":96,"column":3}}},"11":{"name":"register","decl":{"start":{"line":98,"column":24},"end":{"line":98,"column":32}},"loc":{"start":{"line":98,"column":41},"end":{"line":109,"column":1}}},"12":{"name":"(anonymous_18)","decl":{"start":{"line":99,"column":2},"end":{"line":99,"column":31}},"loc":{"start":{"line":99,"column":2},"end":{"line":103,"column":null}}},"13":{"name":"HeatingNodeRef","decl":{"start":{"line":100,"column":4},"end":{"line":100,"column":16}},"loc":{"start":{"line":100,"column":35},"end":{"line":102,"column":5}}}},"branchMap":{"0":{"loc":{"start":{"line":40,"column":4},"end":{"line":40,"column":32}},"type":"binary-expr","locations":[{"start":{"line":40,"column":4},"end":{"line":40,"column":31}},{"start":{"line":40,"column":31},"end":{"line":40,"column":32}}]},"1":{"loc":{"start":{"line":63,"column":4},"end":{"line":68,"column":5}},"type":"if","locations":[{"start":{"line":63,"column":4},"end":{"line":68,"column":5}}]},"2":{"loc":{"start":{"line":63,"column":8},"end":{"line":63,"column":75}},"type":"binary-expr","locations":[{"start":{"line":63,"column":8},"end":{"line":63,"column":42}},{"start":{"line":63,"column":46},"end":{"line":63,"column":75}}]},"3":{"loc":{"start":{"line":64,"column":6},"end":{"line":65,"column":48}},"type":"if","locations":[{"start":{"line":64,"column":6},"end":{"line":65,"column":48}}]},"4":{"loc":{"start":{"line":70,"column":4},"end":{"line":71,"column":null}},"type":"if","locations":[{"start":{"line":70,"column":4},"end":{"line":71,"column":null}}]},"5":{"loc":{"start":{"line":70,"column":8},"end":{"line":70,"column":104}},"type":"binary-expr","locations":[{"start":{"line":70,"column":8},"end":{"line":70,"column":44}},{"start":{"line":70,"column":48},"end":{"line":70,"column":104}}]},"6":{"loc":{"start":{"line":77,"column":4},"end":{"line":78,"column":null}},"type":"if","locations":[{"start":{"line":77,"column":4},"end":{"line":78,"column":null}}]},"7":{"loc":{"start":{"line":77,"column":7},"end":{"line":77,"column":84}},"type":"binary-expr","locations":[{"start":{"line":77,"column":7},"end":{"line":77,"column":21}},{"start":{"line":77,"column":25},"end":{"line":77,"column":46}},{"start":{"line":77,"column":50},"end":{"line":77,"column":84}}]},"8":{"loc":{"start":{"line":84,"column":4},"end":{"line":85,"column":null}},"type":"if","locations":[{"start":{"line":84,"column":4},"end":{"line":85,"column":null}}]},"9":{"loc":{"start":{"line":86,"column":4},"end":{"line":91,"column":5}},"type":"if","locations":[{"start":{"line":86,"column":4},"end":{"line":91,"column":5}}]},"10":{"loc":{"start":{"line":86,"column":8},"end":{"line":86,"column":73}},"type":"binary-expr","locations":[{"start":{"line":86,"column":8},"end":{"line":86,"column":39}},{"start":{"line":86,"column":43},"end":{"line":86,"column":73}}]},"11":{"loc":{"start":{"line":87,"column":6},"end":{"line":88,"column":38}},"type":"if","locations":[{"start":{"line":87,"column":6},"end":{"line":88,"column":38}}]},"12":{"loc":{"start":{"line":101,"column":6},"end":{"line":101,"column":null}},"type":"binary-expr","locations":[{"start":{"line":101,"column":6},"end":{"line":101,"column":24}},{"start":{"line":101,"column":24},"end":{"line":101,"column":null}}]}},"s":{"0":1,"1":1,"2":1,"3":1,"4":1,"5":1,"6":1,"7":0,"8":0,"9":0,"10":0,"11":0,"12":0,"13":0,"14":0,"15":1,"16":0,"17":1,"18":0,"19":1,"20":0,"21":1,"22":0,"23":1,"24":0,"25":1,"26":0,"27":0,"28":0,"29":0,"30":0,"31":0,"32":0,"33":0,"34":0,"35":1,"36":0,"37":0,"38":0,"39":0,"40":1,"41":0,"42":0,"43":0,"44":0,"45":0,"46":0,"47":0,"48":0,"49":0,"50":1,"51":1,"52":0,"53":0,"54":0,"55":0,"56":0,"57":1},"f":{"0":1,"1":0,"2":0,"3":0,"4":0,"5":0,"6":0,"7":0,"8":0,"9":0,"10":0,"11":0,"12":0,"13":0},"b":{"0":[0,0],"1":[0],"2":[0,0],"3":[0],"4":[0],"5":[0,0],"6":[0],"7":[0,0,0],"8":[0],"9":[0],"10":[0,0],"11":[0],"12":[0,0]}}
,"/Users/volkmar/node-red-contrib-dyn-pwr-price-opt/src/periodgenerator.ts": {"path":"/Users/volkmar/node-red-contrib-dyn-pwr-price-opt/src/periodgenerator.ts","statementMap":{"0":{"start":{"line":106,"column":0},"end":{"line":106,"column":16}},"1":{"start":{"line":3,"column":0},"end":{"line":3,"column":null}},"2":{"start":{"line":4,"column":2},"end":{"line":4,"column":null}},"3":{"start":{"line":5,"column":2},"end":{"line":5,"column":null}},"4":{"start":{"line":6,"column":2},"end":{"line":6,"column":null}},"5":{"start":{"line":23,"column":0},"end":{"line":23,"column":null}},"6":{"start":{"line":25,"column":0},"end":{"line":25,"column":null}},"7":{"start":{"line":27,"column":0},"end":{"line":27,"column":null}},"8":{"start":{"line":27,"column":35},"end":{"line":27,"column":49}},"9":{"start":{"line":28,"column":11},"end":{"line":59,"column":null}},"10":{"start":{"line":29,"column":4},"end":{"line":29,"column":47}},"11":{"start":{"line":29,"column":30},"end":{"line":29,"column":47}},"12":{"start":{"line":30,"column":12},"end":{"line":30,"column":19}},"13":{"start":{"line":32,"column":4},"end":{"line":46,"column":59}},"14":{"start":{"line":38,"column":6},"end":{"line":38,"column":55}},"15":{"start":{"line":39,"column":9},"end":{"line":46,"column":59}},"16":{"start":{"line":46,"column":6},"end":{"line":46,"column":59}},"17":{"start":{"line":47,"column":4},"end":{"line":47,"column":42}},"18":{"start":{"line":47,"column":25},"end":{"line":47,"column":42}},"19":{"start":{"line":48,"column":30},"end":{"line":48,"column":32}},"20":{"start":{"line":49,"column":4},"end":{"line":56,"column":7}},"21":{"start":{"line":50,"column":6},"end":{"line":55,"column":9}},"22":{"start":{"line":51,"column":8},"end":{"line":54,"column":11}},"23":{"start":{"line":57,"column":4},"end":{"line":57,"column":45}},"24":{"start":{"line":57,"column":28},"end":{"line":57,"column":45}},"25":{"start":{"line":58,"column":4},"end":{"line":58,"column":63}},"26":{"start":{"line":60,"column":0},"end":{"line":60,"column":null}},"27":{"start":{"line":62,"column":0},"end":{"line":62,"column":null}},"28":{"start":{"line":62,"column":37},"end":{"line":62,"column":51}},"29":{"start":{"line":63,"column":10},"end":{"line":73,"column":null}},"30":{"start":{"line":64,"column":4},"end":{"line":72,"column":7}},"31":{"start":{"line":65,"column":6},"end":{"line":71,"column":9}},"32":{"start":{"line":66,"column":8},"end":{"line":70,"column":13}},"33":{"start":{"line":67,"column":10},"end":{"line":70,"column":13}},"34":{"start":{"line":74,"column":11},"end":{"line":88,"column":null}},"35":{"start":{"line":75,"column":30},"end":{"line":75,"column":32}},"36":{"start":{"line":77,"column":4},"end":{"line":82,"column":64}},"37":{"start":{"line":82,"column":6},"end":{"line":82,"column":64}},"38":{"start":{"line":83,"column":4},"end":{"line":84,"column":54}},"39":{"start":{"line":84,"column":6},"end":{"line":84,"column":54}},"40":{"start":{"line":86,"column":4},"end":{"line":86,"column":45}},"41":{"start":{"line":86,"column":28},"end":{"line":86,"column":45}},"42":{"start":{"line":87,"column":4},"end":{"line":87,"column":65}},"43":{"start":{"line":89,"column":0},"end":{"line":89,"column":null}},"44":{"start":{"line":90,"column":0},"end":{"line":90,"column":null}},"45":{"start":{"line":90,"column":35},"end":{"line":90,"column":49}},"46":{"start":{"line":91,"column":11},"end":{"line":95,"column":null}},"47":{"start":{"line":92,"column":4},"end":{"line":93,"column":65}},"48":{"start":{"line":93,"column":6},"end":{"line":93,"column":65}},"49":{"start":{"line":94,"column":4},"end":{"line":94,"column":21}},"50":{"start":{"line":96,"column":0},"end":{"line":96,"column":null}},"51":{"start":{"line":98,"column":40},"end":{"line":102,"column":2}},"52":{"start":{"line":104,"column":13},"end":{"line":104,"column":68}},"53":{"start":{"line":107,"column":23},"end":{"line":107,"column":32}},"54":{"start":{"line":108,"column":23},"end":{"line":108,"column":52}},"55":{"start":{"line":109,"column":2},"end":{"line":135,"column":5}},"56":{"start":{"line":110,"column":14},"end":{"line":110,"column":33}},"57":{"start":{"line":111,"column":40},"end":{"line":111,"column":42}},"58":{"start":{"line":112,"column":4},"end":{"line":121,"column":null}},"59":{"start":{"line":113,"column":6},"end":{"line":121,"column":null}},"60":{"start":{"line":114,"column":17},"end":{"line":114,"column":35}},"61":{"start":{"line":115,"column":8},"end":{"line":116,"column":null}},"62":{"start":{"line":116,"column":10},"end":{"line":116,"column":null}},"63":{"start":{"line":117,"column":8},"end":{"line":120,"column":9}},"64":{"start":{"line":118,"column":10},"end":{"line":118,"column":null}},"65":{"start":{"line":119,"column":10},"end":{"line":119,"column":null}},"66":{"start":{"line":123,"column":6},"end":{"line":126,"column":7}},"67":{"start":{"line":124,"column":8},"end":{"line":124,"column":null}},"68":{"start":{"line":125,"column":8},"end":{"line":125,"column":null}},"69":{"start":{"line":125,"column":38},"end":{"line":125,"column":56}},"70":{"start":{"line":127,"column":6},"end":{"line":133,"column":null}},"71":{"start":{"line":128,"column":8},"end":{"line":133,"column":null}},"72":{"start":{"line":134,"column":4},"end":{"line":134,"column":27}},"73":{"start":{"line":136,"column":2},"end":{"line":136,"column":12}}},"fnMap":{"0":{"name":"(anonymous_8)","decl":{"start":{"line":3,"column":0},"end":{"line":3,"column":12}},"loc":{"start":{"line":3,"column":24},"end":{"line":7,"column":1}}},"1":{"name":"(anonymous_9)","decl":{"start":{"line":23,"column":0},"end":{"line":23,"column":null}},"loc":{"start":{"line":23,"column":0},"end":{"line":25,"column":null}}},"2":{"name":"(anonymous_11)","decl":{"start":{"line":27,"column":0},"end":{"line":27,"column":35}},"loc":{"start":{"line":27,"column":0},"end":{"line":60,"column":null}}},"3":{"name":"(anonymous_13)","decl":{"start":{"line":28,"column":2},"end":{"line":28,"column":11}},"loc":{"start":{"line":28,"column":31},"end":{"line":59,"column":3}}},"4":{"name":"(anonymous_14)","decl":{"start":{"line":49,"column":34},"end":{"line":49,"column":35}},"loc":{"start":{"line":49,"column":38},"end":{"line":56,"column":5}}},"5":{"name":"(anonymous_15)","decl":{"start":{"line":50,"column":22},"end":{"line":50,"column":23}},"loc":{"start":{"line":50,"column":50},"end":{"line":55,"column":7}}},"6":{"name":"(anonymous_16)","decl":{"start":{"line":62,"column":0},"end":{"line":62,"column":37}},"loc":{"start":{"line":62,"column":0},"end":{"line":89,"column":null}}},"7":{"name":"(anonymous_18)","decl":{"start":{"line":63,"column":2},"end":{"line":63,"column":10}},"loc":{"start":{"line":63,"column":47},"end":{"line":73,"column":3}}},"8":{"name":"(anonymous_19)","decl":{"start":{"line":64,"column":34},"end":{"line":64,"column":35}},"loc":{"start":{"line":64,"column":38},"end":{"line":72,"column":5}}},"9":{"name":"(anonymous_20)","decl":{"start":{"line":65,"column":31},"end":{"line":65,"column":32}},"loc":{"start":{"line":65,"column":41},"end":{"line":71,"column":7}}},"10":{"name":"(anonymous_21)","decl":{"start":{"line":74,"column":2},"end":{"line":74,"column":11}},"loc":{"start":{"line":74,"column":37},"end":{"line":88,"column":3}}},"11":{"name":"(anonymous_22)","decl":{"start":{"line":90,"column":0},"end":{"line":90,"column":35}},"loc":{"start":{"line":90,"column":0},"end":{"line":96,"column":null}}},"12":{"name":"(anonymous_24)","decl":{"start":{"line":91,"column":2},"end":{"line":91,"column":11}},"loc":{"start":{"line":91,"column":31},"end":{"line":95,"column":3}}},"13":{"name":"convertPrice","decl":{"start":{"line":106,"column":16},"end":{"line":106,"column":28}},"loc":{"start":{"line":106,"column":62},"end":{"line":137,"column":1}}},"14":{"name":"(anonymous_26)","decl":{"start":{"line":109,"column":24},"end":{"line":109,"column":25}},"loc":{"start":{"line":109,"column":27},"end":{"line":135,"column":3}}},"15":{"name":"(anonymous_27)","decl":{"start":{"line":113,"column":28},"end":{"line":113,"column":30}},"loc":{"start":{"line":113,"column":30},"end":{"line":121,"column":7}}},"16":{"name":"(anonymous_28)","decl":{"start":{"line":125,"column":28},"end":{"line":125,"column":29}},"loc":{"start":{"line":125,"column":33},"end":{"line":125,"column":39}}}},"branchMap":{"0":{"loc":{"start":{"line":3,"column":12},"end":{"line":3,"column":null}},"type":"binary-expr","locations":[{"start":{"line":3,"column":12},"end":{"line":3,"column":24}},{"start":{"line":3,"column":24},"end":{"line":3,"column":null}}]},"1":{"loc":{"start":{"line":29,"column":4},"end":{"line":29,"column":47}},"type":"if","locations":[{"start":{"line":29,"column":4},"end":{"line":29,"column":47}}]},"2":{"loc":{"start":{"line":32,"column":4},"end":{"line":46,"column":59}},"type":"if","locations":[{"start":{"line":32,"column":4},"end":{"line":46,"column":59}},{"start":{"line":39,"column":9},"end":{"line":46,"column":59}}]},"3":{"loc":{"start":{"line":33,"column":6},"end":{"line":36,"column":49}},"type":"binary-expr","locations":[{"start":{"line":33,"column":6},"end":{"line":33,"column":14}},{"start":{"line":34,"column":6},"end":{"line":34,"column":19}},{"start":{"line":35,"column":6},"end":{"line":35,"column":39}},{"start":{"line":36,"column":6},"end":{"line":36,"column":49}}]},"4":{"loc":{"start":{"line":39,"column":9},"end":{"line":46,"column":59}},"type":"if","locations":[{"start":{"line":39,"column":9},"end":{"line":46,"column":59}}]},"5":{"loc":{"start":{"line":40,"column":6},"end":{"line":44,"column":53}},"type":"binary-expr","locations":[{"start":{"line":40,"column":6},"end":{"line":40,"column":14}},{"start":{"line":41,"column":6},"end":{"line":41,"column":20}},{"start":{"line":42,"column":6},"end":{"line":42,"column":23}},{"start":{"line":43,"column":6},"end":{"line":43,"column":43}},{"start":{"line":44,"column":6},"end":{"line":44,"column":53}}]},"6":{"loc":{"start":{"line":47,"column":4},"end":{"line":47,"column":42}},"type":"if","locations":[{"start":{"line":47,"column":4},"end":{"line":47,"column":42}}]},"7":{"loc":{"start":{"line":57,"column":4},"end":{"line":57,"column":45}},"type":"if","locations":[{"start":{"line":57,"column":4},"end":{"line":57,"column":45}}]},"8":{"loc":{"start":{"line":66,"column":8},"end":{"line":70,"column":13}},"type":"if","locations":[{"start":{"line":66,"column":8},"end":{"line":70,"column":13}}]},"9":{"loc":{"start":{"line":66,"column":12},"end":{"line":66,"column":67}},"type":"binary-expr","locations":[{"start":{"line":66,"column":12},"end":{"line":66,"column":40}},{"start":{"line":66,"column":44},"end":{"line":66,"column":67}}]},"10":{"loc":{"start":{"line":77,"column":4},"end":{"line":82,"column":64}},"type":"if","locations":[{"start":{"line":77,"column":4},"end":{"line":82,"column":64}}]},"11":{"loc":{"start":{"line":78,"column":6},"end":{"line":80,"column":40}},"type":"binary-expr","locations":[{"start":{"line":78,"column":6},"end":{"line":78,"column":19}},{"start":{"line":79,"column":6},"end":{"line":79,"column":29}},{"start":{"line":80,"column":6},"end":{"line":80,"column":40}}]},"12":{"loc":{"start":{"line":83,"column":4},"end":{"line":84,"column":54}},"type":"if","locations":[{"start":{"line":83,"column":4},"end":{"line":84,"column":54}}]},"13":{"loc":{"start":{"line":83,"column":8},"end":{"line":83,"column":49}},"type":"binary-expr","locations":[{"start":{"line":83,"column":8},"end":{"line":83,"column":21}},{"start":{"line":83,"column":25},"end":{"line":83,"column":49}}]},"14":{"loc":{"start":{"line":86,"column":4},"end":{"line":86,"column":45}},"type":"if","locations":[{"start":{"line":86,"column":4},"end":{"line":86,"column":45}}]},"15":{"loc":{"start":{"line":92,"column":4},"end":{"line":93,"column":65}},"type":"if","locations":[{"start":{"line":92,"column":4},"end":{"line":93,"column":65}}]},"16":{"loc":{"start":{"line":92,"column":8},"end":{"line":92,"column":73}},"type":"binary-expr","locations":[{"start":{"line":92,"column":8},"end":{"line":92,"column":15}},{"start":{"line":92,"column":19},"end":{"line":92,"column":33}},{"start":{"line":92,"column":37},"end":{"line":92,"column":53}},{"start":{"line":92,"column":57},"end":{"line":92,"column":73}}]},"17":{"loc":{"start":{"line":112,"column":4},"end":{"line":121,"column":null}},"type":"if","locations":[{"start":{"line":112,"column":4},"end":{"line":121,"column":null}}]},"18":{"loc":{"start":{"line":112,"column":8},"end":{"line":112,"column":33}},"type":"binary-expr","locations":[{"start":{"line":112,"column":8},"end":{"line":112,"column":10}},{"start":{"line":112,"column":14},"end":{"line":112,"column":33}}]},"19":{"loc":{"start":{"line":115,"column":8},"end":{"line":116,"column":null}},"type":"if","locations":[{"start":{"line":115,"column":8},"end":{"line":116,"column":null}}]},"20":{"loc":{"start":{"line":117,"column":8},"end":{"line":120,"column":9}},"type":"if","locations":[{"start":{"line":117,"column":8},"end":{"line":120,"column":9}}]},"21":{"loc":{"start":{"line":123,"column":6},"end":{"line":126,"column":7}},"type":"if","locations":[{"start":{"line":123,"column":6},"end":{"line":126,"column":7}}]},"22":{"loc":{"start":{"line":127,"column":6},"end":{"line":133,"column":null}},"type":"if","locations":[{"start":{"line":127,"column":6},"end":{"line":133,"column":null}}]}},"s":{"0":1,"1":1,"2":1,"3":1,"4":1,"5":1,"6":1,"7":1,"8":1,"9":1,"10":0,"11":0,"12":0,"13":0,"14":0,"15":0,"16":0,"17":0,"18":0,"19":0,"20":0,"21":0,"22":0,"23":0,"24":0,"25":0,"26":1,"27":1,"28":1,"29":1,"30":0,"31":0,"32":0,"33":0,"34":1,"35":0,"36":0,"37":0,"38":0,"39":0,"40":0,"41":0,"42":0,"43":1,"44":1,"45":1,"46":1,"47":0,"48":0,"49":0,"50":1,"51":1,"52":1,"53":0,"54":0,"55":0,"56":0,"57":0,"58":0,"59":0,"60":0,"61":0,"62":0,"63":0,"64":0,"65":0,"66":0,"67":0,"68":0,"69":0,"70":0,"71":0,"72":0,"73":0},"f":{"0":1,"1":4,"2":2,"3":0,"4":0,"5":0,"6":2,"7":0,"8":0,"9":0,"10":0,"11":2,"12":0,"13":0,"14":0,"15":0,"16":0},"b":{"0":[1,1],"1":[0],"2":[0,0],"3":[0,0,0,0],"4":[0],"5":[0,0,0,0,0],"6":[0],"7":[0],"8":[0],"9":[0,0],"10":[0],"11":[0,0,0],"12":[0],"13":[0,0],"14":[0],"15":[0],"16":[0,0,0,0],"17":[0],"18":[0,0],"19":[0],"20":[0],"21":[0],"22":[0]}}
,"/Users/volkmar/node-red-contrib-dyn-pwr-price-opt/test/RED.ts": {"path":"/Users/volkmar/node-red-contrib-dyn-pwr-price-opt/test/RED.ts","statementMap":{"0":{"start":{"line":8,"column":13},"end":{"line":19,"column":2}},"1":{"start":{"line":11,"column":6},"end":{"line":11,"column":24}},"2":{"start":{"line":12,"column":6},"end":{"line":12,"column":28}},"3":{"start":{"line":13,"column":6},"end":{"line":13,"column":32}},"4":{"start":{"line":16,"column":6},"end":{"line":16,"column":22}}},"fnMap":{"0":{"name":"REDon","decl":{"start":{"line":3,"column":9},"end":{"line":3,"column":14}},"loc":{"start":{"line":3,"column":37},"end":{"line":3,"column":41}}},"1":{"name":"REDsend","decl":{"start":{"line":4,"column":9},"end":{"line":4,"column":16}},"loc":{"start":{"line":4,"column":39},"end":{"line":4,"column":43}}},"2":{"name":"REDstatus","decl":{"start":{"line":5,"column":9},"end":{"line":5,"column":18}},"loc":{"start":{"line":5,"column":45},"end":{"line":5,"column":49}}},"3":{"name":"(anonymous_3)","decl":{"start":{"line":10,"column":16},"end":{"line":10,"column":17}},"loc":{"start":{"line":10,"column":41},"end":{"line":14,"column":5}}},"4":{"name":"(anonymous_4)","decl":{"start":{"line":15,"column":18},"end":{"line":15,"column":19}},"loc":{"start":{"line":15,"column":46},"end":{"line":17,"column":5}}}},"branchMap":{},"s":{"0":1,"1":0,"2":0,"3":0,"4":0},"f":{"0":0,"1":0,"2":0,"3":0,"4":0},"b":{}}
}
